<?xml version="1.0" encoding="UTF-8"?>
<testsuite name="kuberedisclient.KuberedisclientTest" tests="1" skipped="0" failures="0" errors="0" timestamp="2022-02-18T10:51:36" hostname="dbdevops" time="0.027">
  <properties/>
  <testcase name="testItWorks()" classname="kuberedisclient.KuberedisclientTest" time="0.027"/>
  <system-out><![CDATA[?[36m10:51:35.328?[0;39m ?[1;30m[Test worker]?[0;39m ?[34mINFO ?[0;39m ?[35mi.m.context.env.DefaultEnvironment?[0;39m - Established active environments: [oraclecloud, cloud, test]
]]></system-out>
  <system-err><![CDATA[]]></system-err>
</testsuite>
